[7428:2944:0827/135440:VERBOSE1:crash_service_main.cc(68)] Session start. cmdline is [--reporter-url=http://54.249.141.255:1127/post --application-name=Atom --v=1]
[7428:2944:0827/135440:VERBOSE1:crash_service.cc(142)] window handle is 000502FE
[7428:2944:0827/135440:VERBOSE1:crash_service.cc(290)] pipe name is \\.\pipe\Atom Crash Service
dumps at C:\Users\Admin\AppData\Local\Temp\Atom Crashes
[7428:2944:0827/135440:VERBOSE1:crash_service.cc(294)] checkpoint is C:\Users\Admin\AppData\Local\Temp\Atom Crashes\crash_checkpoint.txt
server is http://54.249.141.255:1127/post
maximum 128 reports/day
reporter is electron-crash-service
[7428:2944:0827/135440:VERBOSE1:crash_service_main.cc(84)] Ready to process crash requests
[7428:8632:0827/135440:VERBOSE1:crash_service.cc(323)] client start. pid = 3092
[7428:8632:0827/135440:VERBOSE1:crash_service.cc(323)] client start. pid = 2772
[4040:7744:0827/135440:VERBOSE1:crash_service_main.cc(68)] Session start. cmdline is [--reporter-url=http://54.249.141.255:1127/post --application-name=Atom --v=1]
[4040:7744:0827/135440:VERBOSE1:crash_service.cc(142)] window handle is 002404D2
[4040:7744:0827/135440:VERBOSE1:crash_service.cc(290)] pipe name is \\.\pipe\Atom Crash Service
dumps at C:\Users\Admin\AppData\Local\Temp\Atom Crashes
[4040:7744:0827/135440:VERBOSE1:crash_service.cc(294)] checkpoint is C:\Users\Admin\AppData\Local\Temp\Atom Crashes\crash_checkpoint.txt
server is http://54.249.141.255:1127/post
maximum 128 reports/day
reporter is electron-crash-service
[4040:7744:0827/135440:ERROR:crash_service.cc(301)] could not start dumper
[7428:8636:0827/135636:VERBOSE1:crash_service.cc(331)] client end. pid = 2772
[7428:8636:0827/135636:VERBOSE1:crash_service.cc(331)] client end. pid = 3092
[7428:8636:0827/135637:VERBOSE1:crash_service.cc(352)] zero clients. exiting
[7428:2944:0827/135637:VERBOSE1:crash_service.cc(490)] session ending..
[7428:2944:0827/135637:VERBOSE1:crash_service.cc(495)] clients connected :2
clients terminated :2
dumps serviced :0
dumps reported :0
[7428:2944:0827/135637:VERBOSE1:crash_service_main.cc(89)] Session end. return code is 0
[7736:1128:0827/143021:VERBOSE1:crash_service_main.cc(68)] Session start. cmdline is [--reporter-url=http://54.249.141.255:1127/post --application-name=Atom --v=1]
[7736:1128:0827/143021:VERBOSE1:crash_service.cc(142)] window handle is 000E0682
[7736:1128:0827/143021:VERBOSE1:crash_service.cc(290)] pipe name is \\.\pipe\Atom Crash Service
dumps at C:\Users\Admin\AppData\Local\Temp\Atom Crashes
[7736:1128:0827/143021:VERBOSE1:crash_service.cc(294)] checkpoint is C:\Users\Admin\AppData\Local\Temp\Atom Crashes\crash_checkpoint.txt
server is http://54.249.141.255:1127/post
maximum 128 reports/day
reporter is electron-crash-service
[7736:1128:0827/143021:ERROR:crash_service.cc(301)] could not start dumper
[5428:948:0827/143258:VERBOSE1:crash_service_main.cc(68)] Session start. cmdline is [--reporter-url=http://54.249.141.255:1127/post --application-name=Atom --v=1]
[5428:948:0827/143258:VERBOSE1:crash_service.cc(142)] window handle is 003F0586
[5428:948:0827/143258:VERBOSE1:crash_service.cc(290)] pipe name is \\.\pipe\Atom Crash Service
dumps at C:\Users\Admin\AppData\Local\Temp\Atom Crashes
[5428:948:0827/143258:VERBOSE1:crash_service.cc(294)] checkpoint is C:\Users\Admin\AppData\Local\Temp\Atom Crashes\crash_checkpoint.txt
server is http://54.249.141.255:1127/post
maximum 128 reports/day
reporter is electron-crash-service
[5428:948:0827/143258:VERBOSE1:crash_service_main.cc(84)] Ready to process crash requests
[5428:6932:0827/143258:VERBOSE1:crash_service.cc(323)] client start. pid = 2800
[5428:6932:0827/143258:VERBOSE1:crash_service.cc(323)] client start. pid = 788
[6824:7408:0827/143258:VERBOSE1:crash_service_main.cc(68)] Session start. cmdline is [--reporter-url=http://54.249.141.255:1127/post --application-name=Atom --v=1]
[6824:7408:0827/143258:VERBOSE1:crash_service.cc(142)] window handle is 003805FE
[6824:7408:0827/143258:VERBOSE1:crash_service.cc(290)] pipe name is \\.\pipe\Atom Crash Service
dumps at C:\Users\Admin\AppData\Local\Temp\Atom Crashes
[6824:7408:0827/143258:VERBOSE1:crash_service.cc(294)] checkpoint is C:\Users\Admin\AppData\Local\Temp\Atom Crashes\crash_checkpoint.txt
server is http://54.249.141.255:1127/post
maximum 128 reports/day
reporter is electron-crash-service
[6824:7408:0827/143258:ERROR:crash_service.cc(301)] could not start dumper
[5428:7024:0827/143709:VERBOSE1:crash_service.cc(331)] client end. pid = 788
[5428:7024:0827/143709:VERBOSE1:crash_service.cc(331)] client end. pid = 2800
[5428:7024:0827/143710:VERBOSE1:crash_service.cc(352)] zero clients. exiting
[5428:948:0827/143710:VERBOSE1:crash_service.cc(490)] session ending..
[5428:948:0827/143710:VERBOSE1:crash_service.cc(495)] clients connected :2
clients terminated :2
dumps serviced :0
dumps reported :0
[5428:948:0827/143710:VERBOSE1:crash_service_main.cc(89)] Session end. return code is 0
